<?xml version="1.0" encoding="UTF-8"?>
<testsuite xmlns:xsi="http://www.w3.org/2001/XMLSchema-instance" xsi:noNamespaceSchemaLocation="https://maven.apache.org/surefire/maven-surefire-plugin/xsd/surefire-test-report-3.0.xsd" version="3.0" name="com.wipro.SpringR2dbcAppApplicationTests" time="6.994" tests="1" errors="0" skipped="0" failures="0">
  <properties>
[...]
</properties>
  <testcase name="contextLoads" classname="com.wipro.SpringR2dbcAppApplicationTests" time="1.546">
    <system-out><![CDATA[17:46:05.549 [main] INFO org.springframework.test.context.support.AnnotationConfigContextLoaderUtils -- Could not detect default configuration classes for test class [com.wipro.SpringR2dbcAppApplicationTests]: SpringR2dbcAppApplicationTests does not declare any static, non-private, non-final, nested classes annotated with @Configuration.
17:46:05.813 [main] INFO org.springframework.boot.test.context.SpringBootTestContextBootstrapper -- Found @SpringBootConfiguration com.wipro.SpringR2dbcAppApplication for test class com.wipro.SpringR2dbcAppApplicationTests
  .   ____          _            __ _ _
 /\\ / ___'_ __ _ _(_)_ __  __ _ \ \ \ \
( ( )\___ | '_ | '_| | '_ \/ _` | \ \ \ \
 \\/  ___)| |_)| | | | | || (_| |  ) ) ) )
  '  |____| .__|_| |_|_| |_\__, | / / / /
 =========|_|==============|___/=/_/_/_/

 :: Spring Boot ::                (v3.3.0)

2024-06-12T17:46:06.475+05:30  INFO 551102 --- [spring-r2dbc-app] [           main] c.wipro.SpringR2dbcAppApplicationTests   : Starting SpringR2dbcAppApplicationTests using Java 17.0.10 with PID 551102 (started by rps in /home/rps/Downloads/spring-r2dbc-app)
2024-06-12T17:46:06.477+05:30  INFO 551102 --- [spring-r2dbc-app] [           main] c.wipro.SpringR2dbcAppApplicationTests   : No active profile set, falling back to 1 default profile: "default"
2024-06-12T17:46:07.234+05:30  INFO 551102 --- [spring-r2dbc-app] [           main] .s.d.r.c.RepositoryConfigurationDelegate : Bootstrapping Spring Data R2DBC repositories in DEFAULT mode.
2024-06-12T17:46:07.406+05:30  INFO 551102 --- [spring-r2dbc-app] [           main] .s.d.r.c.RepositoryConfigurationDelegate : Finished Spring Data repository scanning in 165 ms. Found 1 R2DBC repository interface.
2024-06-12T17:46:10.277+05:30  INFO 551102 --- [spring-r2dbc-app] [           main] c.wipro.SpringR2dbcAppApplicationTests   : Started SpringR2dbcAppApplicationTests in 4.212 seconds (process running for 6.391)
2024-06-12T17:46:10.497+05:30  INFO 551102 --- [spring-r2dbc-app] [           main] com.wipro.SpringR2dbcAppApplication      : Customers found with findAll():
2024-06-12T17:46:10.498+05:30  INFO 551102 --- [spring-r2dbc-app] [           main] com.wipro.SpringR2dbcAppApplication      : -------------------------------
2024-06-12T17:46:10.587+05:30  INFO 551102 --- [spring-r2dbc-app] [           main] com.wipro.SpringR2dbcAppApplication      : Customer[id=1, firstName='Jack', lastName='Bauer']
2024-06-12T17:46:10.589+05:30  INFO 551102 --- [spring-r2dbc-app] [           main] com.wipro.SpringR2dbcAppApplication      : Customer[id=2, firstName='Chloe', lastName='O'Brian']
2024-06-12T17:46:10.590+05:30  INFO 551102 --- [spring-r2dbc-app] [           main] com.wipro.SpringR2dbcAppApplication      : Customer[id=3, firstName='Kim', lastName='Bauer']
2024-06-12T17:46:10.595+05:30  INFO 551102 --- [spring-r2dbc-app] [           main] com.wipro.SpringR2dbcAppApplication      : Customer[id=4, firstName='David', lastName='Palmer']
2024-06-12T17:46:10.597+05:30  INFO 551102 --- [spring-r2dbc-app] [           main] com.wipro.SpringR2dbcAppApplication      : Customer[id=5, firstName='Michelle', lastName='Dessler']
2024-06-12T17:46:10.601+05:30  INFO 551102 --- [spring-r2dbc-app] [           main] com.wipro.SpringR2dbcAppApplication      : 
2024-06-12T17:46:10.656+05:30  INFO 551102 --- [spring-r2dbc-app] [           main] com.wipro.SpringR2dbcAppApplication      : Customer found with findById(1L):
2024-06-12T17:46:10.657+05:30  INFO 551102 --- [spring-r2dbc-app] [           main] com.wipro.SpringR2dbcAppApplication      : --------------------------------
2024-06-12T17:46:10.657+05:30  INFO 551102 --- [spring-r2dbc-app] [           main] com.wipro.SpringR2dbcAppApplication      : Customer[id=1, firstName='Jack', lastName='Bauer']
2024-06-12T17:46:10.661+05:30  INFO 551102 --- [spring-r2dbc-app] [           main] com.wipro.SpringR2dbcAppApplication      : 
2024-06-12T17:46:10.662+05:30  INFO 551102 --- [spring-r2dbc-app] [           main] com.wipro.SpringR2dbcAppApplication      : Customer found with findByLastName('Bauer'):
2024-06-12T17:46:10.662+05:30  INFO 551102 --- [spring-r2dbc-app] [           main] com.wipro.SpringR2dbcAppApplication      : --------------------------------------------
2024-06-12T17:46:10.709+05:30  INFO 551102 --- [spring-r2dbc-app] [           main] com.wipro.SpringR2dbcAppApplication      : Customer[id=1, firstName='Jack', lastName='Bauer']
2024-06-12T17:46:10.711+05:30  INFO 551102 --- [spring-r2dbc-app] [           main] com.wipro.SpringR2dbcAppApplication      : Customer[id=3, firstName='Kim', lastName='Bauer']
2024-06-12T17:46:10.712+05:30  INFO 551102 --- [spring-r2dbc-app] [           main] com.wipro.SpringR2dbcAppApplication      : 
]]></system-out>
  </testcase>
</testsuite>